<?xml version="1.0" encoding="UTF-8"?>
<!-- Generated by org.testng.reporters.JUnitXMLReporter -->
<testsuite ignored="1" hostname="DESKTOP-HHQ3HI3" failures="0" tests="1" name="Default test" time="10.675" errors="0" timestamp="2026-06-16T10:52:24 IST">
  <testcase classname="com.client.project.Campaign.CreateCampaignTest" name="editCampaignTest" time="3.292"/>
  <testcase classname="com.client.project.Campaign.CreateCampaignTest" name="createCampaigntest" time="0.0">
    <ignored/>
  </testcase> <!-- createCampaigntest -->
</testsuite> <!-- Default test -->
