<?xml version="1.0" encoding="UTF-8"?>
<!-- Generated by org.testng.reporters.JUnitXMLReporter -->
<testsuite ignored="1" hostname="Kirans-MacBook-Air.local" failures="0" tests="1" name="Default test" time="14.641" errors="0" timestamp="2026-05-22T10:49:09 IST">
  <testcase classname="com.client.project.Opportunities.createOpportunitiestest" name="createOpportunitiesWithCamapignTest" time="7.918"/>
  <testcase classname="com.client.project.Opportunities.createOpportunitiestest" name="createOpportunitiesTest" time="0.0">
    <ignored/>
  </testcase> <!-- createOpportunitiesTest -->
</testsuite> <!-- Default test -->
