<?xml version="1.0" encoding="UTF-8"?>
<!-- Generated by org.testng.reporters.JUnitReportReporter -->
<testsuite hostname="Kirans-MacBook-Air.local" failures="0" tests="1" name="com.client.project.Opportunities.createOpportunitiestest" time="10.687" errors="0" timestamp="2026-05-22T10:49:09 IST" skipped="0">
  <testcase classname="com.client.project.Opportunities.createOpportunitiestest" name="createOpportunitiesWithCamapignTest" time="10.687"/>
</testsuite> <!-- com.client.project.Opportunities.createOpportunitiestest -->
