<?xml version="1.0" encoding="UTF-8"?>
<!-- Generated by org.testng.reporters.JUnitReportReporter -->
<testsuite hostname="DESKTOP-HHQ3HI3" failures="0" tests="1" name="com.client.project.Opportunities.createOpportunitiestest" time="5.659" errors="0" timestamp="2026-05-25T10:54:05 IST" skipped="0">
  <testcase classname="com.client.project.Opportunities.createOpportunitiestest" name="editOpportunityTest" time="5.659"/>
</testsuite> <!-- com.client.project.Opportunities.createOpportunitiestest -->
