<?xml version="1.0" encoding="UTF-8"?>
<!-- Generated by org.testng.reporters.JUnitReportReporter -->
<testsuite hostname="Kirans-MacBook-Air.local" failures="0" tests="1" name="com.client.project.TroubleTicket.createTroubleTicketTest" time="11.161" errors="0" timestamp="2026-05-20T14:49:53 IST" skipped="0">
  <testcase classname="com.client.project.TroubleTicket.createTroubleTicketTest" name="createtroubleticketTest" time="11.161"/>
</testsuite> <!-- com.client.project.TroubleTicket.createTroubleTicketTest -->
