<?xml version="1.0" encoding="UTF-8"?>
<!-- Generated by org.testng.reporters.JUnitReportReporter -->
<testsuite hostname="DESKTOP-HHQ3HI3" failures="0" tests="1" name="com.client.project.TroubleTicket.createTroubleTicketTest" time="14.422" errors="0" timestamp="2026-06-19T11:06:04 IST" skipped="0">
  <testcase classname="com.client.project.TroubleTicket.createTroubleTicketTest" name="createtroubleticketwithFAQTest" time="14.422"/>
</testsuite> <!-- com.client.project.TroubleTicket.createTroubleTicketTest -->
